<?xml version="1.0" encoding="UTF-8"?>
<testng-results ignored="0" total="1" passed="1" failed="0" skipped="0">
  <reporter-output>
  </reporter-output>
  <suite started-at="2023-05-19T00:54:20Z" name="Suite" finished-at="2023-05-19T00:55:25Z" duration-ms="65650">
    <groups>
    </groups>
    <test started-at="2023-05-19T00:54:20Z" name="Test" finished-at="2023-05-19T00:55:25Z" duration-ms="65650">
      <class name="SeleniumTest">
        <test-method is-config="true" signature="beforeMethod(java.lang.String, java.lang.String, java.lang.String, java.lang.String)[pri:0, instance:SeleniumTest@7748410a]" started-at="2023-05-19T00:54:20Z" name="beforeMethod" finished-at="2023-05-19T00:55:24Z" duration-ms="64738" status="PASS">
          <params>
            <param index="0">
              <value>
                <![CDATA[munazzagill17@gmail.com]]>
              </value>
            </param>
            <param index="1">
              <value>
                <![CDATA[Mkg@012345]]>
              </value>
            </param>
            <param index="2">
              <value>
                <![CDATA[28262]]>
              </value>
            </param>
            <param index="3">
              <value>
                <![CDATA[9808888888]]>
              </value>
            </param>
          </params>
          <reporter-output>
          </reporter-output>
        </test-method> <!-- beforeMethod -->
        <test-method signature="f()[pri:0, instance:SeleniumTest@7748410a]" started-at="2023-05-19T00:55:24Z" name="f" finished-at="2023-05-19T00:55:24Z" duration-ms="12" status="PASS">
          <reporter-output>
          </reporter-output>
        </test-method> <!-- f -->
        <test-method is-config="true" signature="afterMethod()[pri:0, instance:SeleniumTest@7748410a]" started-at="2023-05-19T00:55:24Z" name="afterMethod" finished-at="2023-05-19T00:55:25Z" duration-ms="866" status="PASS">
          <reporter-output>
          </reporter-output>
        </test-method> <!-- afterMethod -->
      </class> <!-- SeleniumTest -->
    </test> <!-- Test -->
  </suite> <!-- Suite -->
</testng-results>
